<?xml version="1.0" encoding="UTF-8"?>
<testsuite xmlns:xsi="http://www.w3.org/2001/XMLSchema-instance" xsi:noNamespaceSchemaLocation="https://maven.apache.org/surefire/maven-surefire-plugin/xsd/surefire-test-report.xsd" version="3.0.2" name="com.br.kafka_poc.KafkaPocApplicationTests" time="3.128" tests="1" errors="0" skipped="0" failures="0">
  <properties>
[...]
</properties>
  <testcase name="contextLoads" classname="com.br.kafka_poc.KafkaPocApplicationTests" time="0.959">
    <system-out><![CDATA[22:39:41.601 [main] INFO org.springframework.test.context.support.AnnotationConfigContextLoaderUtils -- Could not detect default configuration classes for test class [com.br.kafka_poc.KafkaPocApplicationTests]: KafkaPocApplicationTests does not declare any static, non-private, non-final, nested classes annotated with @Configuration.
22:39:41.743 [main] INFO org.springframework.boot.test.context.SpringBootTestContextBootstrapper -- Found @SpringBootConfiguration com.br.kafka_poc.KafkaPocApplication for test class com.br.kafka_poc.KafkaPocApplicationTests

  .   ____          _            __ _ _
 /\\ / ___'_ __ _ _(_)_ __  __ _ \ \ \ \
( ( )\___ | '_ | '_| | '_ \/ _` | \ \ \ \
 \\/  ___)| |_)| | | | | || (_| |  ) ) ) )
  '  |____| .__|_| |_|_| |_\__, | / / / /
 =========|_|==============|___/=/_/_/_/

 :: Spring Boot ::                (v3.5.0)

2025-05-23T22:39:42.421-03:00  INFO 233190 --- [           main] c.br.kafka_poc.KafkaPocApplicationTests  : Starting KafkaPocApplicationTests using Java 17.0.13 with PID 233190 (started by gs in /home/gs/Downloads/kafka-poc)
2025-05-23T22:39:42.423-03:00  INFO 233190 --- [           main] c.br.kafka_poc.KafkaPocApplicationTests  : No active profile set, falling back to 1 default profile: "default"
2025-05-23T22:39:43.451-03:00  INFO 233190 --- [           main] o.a.k.clients.consumer.ConsumerConfig    : ConsumerConfig values: 
	allow.auto.create.topics = true
	auto.commit.interval.ms = 5000
	auto.include.jmx.reporter = true
	auto.offset.reset = earliest
	bootstrap.servers = [localhost:9092]
	check.crcs = true
	client.dns.lookup = use_all_dns_ips
	client.id = consumer-my-group-id-1
	client.rack = 
	connections.max.idle.ms = 540000
	default.api.timeout.ms = 60000
	enable.auto.commit = false
	enable.metrics.push = true
	exclude.internal.topics = true
	fetch.max.bytes = 52428800
	fetch.max.wait.ms = 500
	fetch.min.bytes = 1
	group.id = my-group-id
	group.instance.id = null
	group.protocol = classic
	group.remote.assignor = null
	heartbeat.interval.ms = 3000
	interceptor.classes = []
	internal.leave.group.on.close = true
	internal.throw.on.fetch.stable.offset.unsupported = false
	isolation.level = read_uncommitted
	key.deserializer = class org.apache.kafka.common.serialization.StringDeserializer
	max.partition.fetch.bytes = 1048576
	max.poll.interval.ms = 300000
	max.poll.records = 500
	metadata.max.age.ms = 300000
	metadata.recovery.strategy = none
	metric.reporters = []
	metrics.num.samples = 2
	metrics.recording.level = INFO
	metrics.sample.window.ms = 30000
	partition.assignment.strategy = [class org.apache.kafka.clients.consumer.RangeAssignor, class org.apache.kafka.clients.consumer.CooperativeStickyAssignor]
	receive.buffer.bytes = 65536
	reconnect.backoff.max.ms = 1000
	reconnect.backoff.ms = 50
	request.timeout.ms = 30000
	retry.backoff.max.ms = 1000
	retry.backoff.ms = 100
	sasl.client.callback.handler.class = null
	sasl.jaas.config = null
	sasl.kerberos.kinit.cmd = /usr/bin/kinit
	sasl.kerberos.min.time.before.relogin = 60000
	sasl.kerberos.service.name = null
	sasl.kerberos.ticket.renew.jitter = 0.05
	sasl.kerberos.ticket.renew.window.factor = 0.8
	sasl.login.callback.handler.class = null
	sasl.login.class = null
	sasl.login.connect.timeout.ms = null
	sasl.login.read.timeout.ms = null
	sasl.login.refresh.buffer.seconds = 300
	sasl.login.refresh.min.period.seconds = 60
	sasl.login.refresh.window.factor = 0.8
	sasl.login.refresh.window.jitter = 0.05
	sasl.login.retry.backoff.max.ms = 10000
	sasl.login.retry.backoff.ms = 100
	sasl.mechanism = GSSAPI
	sasl.oauthbearer.clock.skew.seconds = 30
	sasl.oauthbearer.expected.audience = null
	sasl.oauthbearer.expected.issuer = null
	sasl.oauthbearer.header.urlencode = false
	sasl.oauthbearer.jwks.endpoint.refresh.ms = 3600000
	sasl.oauthbearer.jwks.endpoint.retry.backoff.max.ms = 10000
	sasl.oauthbearer.jwks.endpoint.retry.backoff.ms = 100
	sasl.oauthbearer.jwks.endpoint.url = null
	sasl.oauthbearer.scope.claim.name = scope
	sasl.oauthbearer.sub.claim.name = sub
	sasl.oauthbearer.token.endpoint.url = null
	security.protocol = PLAINTEXT
	security.providers = null
	send.buffer.bytes = 131072
	session.timeout.ms = 45000
	socket.connection.setup.timeout.max.ms = 30000
	socket.connection.setup.timeout.ms = 10000
	ssl.cipher.suites = null
	ssl.enabled.protocols = [TLSv1.2, TLSv1.3]
	ssl.endpoint.identification.algorithm = https
	ssl.engine.factory.class = null
	ssl.key.password = null
	ssl.keymanager.algorithm = SunX509
	ssl.keystore.certificate.chain = null
	ssl.keystore.key = null
	ssl.keystore.location = null
	ssl.keystore.password = null
	ssl.keystore.type = JKS
	ssl.protocol = TLSv1.3
	ssl.provider = null
	ssl.secure.random.implementation = null
	ssl.trustmanager.algorithm = PKIX
	ssl.truststore.certificates = null
	ssl.truststore.location = null
	ssl.truststore.password = null
	ssl.truststore.type = JKS
	value.deserializer = class org.apache.kafka.common.serialization.StringDeserializer

2025-05-23T22:39:43.482-03:00  INFO 233190 --- [           main] o.a.k.c.t.i.KafkaMetricsCollector        : initializing Kafka metrics collector
2025-05-23T22:39:43.595-03:00  INFO 233190 --- [           main] o.a.kafka.common.utils.AppInfoParser     : Kafka version: 3.9.1
2025-05-23T22:39:43.596-03:00  INFO 233190 --- [           main] o.a.kafka.common.utils.AppInfoParser     : Kafka commitId: f745dfdcee2b9851
2025-05-23T22:39:43.596-03:00  INFO 233190 --- [           main] o.a.kafka.common.utils.AppInfoParser     : Kafka startTimeMs: 1748050783594
2025-05-23T22:39:43.599-03:00  INFO 233190 --- [           main] o.a.k.c.c.i.ClassicKafkaConsumer         : [Consumer clientId=consumer-my-group-id-1, groupId=my-group-id] Subscribed to topic(s): meu-topico
2025-05-23T22:39:43.610-03:00  INFO 233190 --- [           main] c.br.kafka_poc.KafkaPocApplicationTests  : Started KafkaPocApplicationTests in 1.65 seconds (process running for 2.837)
2025-05-23T22:39:43.961-03:00  INFO 233190 --- [ntainer#0-0-C-1] org.apache.kafka.clients.Metadata        : [Consumer clientId=consumer-my-group-id-1, groupId=my-group-id] Cluster ID: keF7rLuWRb6f4zyhDwXyIw
2025-05-23T22:39:43.962-03:00  INFO 233190 --- [ntainer#0-0-C-1] o.a.k.c.c.internals.ConsumerCoordinator  : [Consumer clientId=consumer-my-group-id-1, groupId=my-group-id] Discovered group coordinator pc:9092 (id: 2147483647 rack: null)
2025-05-23T22:39:43.965-03:00  INFO 233190 --- [ntainer#0-0-C-1] o.a.k.c.c.internals.ConsumerCoordinator  : [Consumer clientId=consumer-my-group-id-1, groupId=my-group-id] (Re-)joining group
2025-05-23T22:39:43.979-03:00  INFO 233190 --- [ntainer#0-0-C-1] o.a.k.c.c.internals.ConsumerCoordinator  : [Consumer clientId=consumer-my-group-id-1, groupId=my-group-id] Request joining group due to: need to re-join with the given member-id: consumer-my-group-id-1-1f14bbd5-b46a-4d1a-90b1-b4f89fb47ae4
2025-05-23T22:39:43.979-03:00  INFO 233190 --- [ntainer#0-0-C-1] o.a.k.c.c.internals.ConsumerCoordinator  : [Consumer clientId=consumer-my-group-id-1, groupId=my-group-id] (Re-)joining group
2025-05-23T22:39:43.983-03:00  INFO 233190 --- [ntainer#0-0-C-1] o.a.k.c.c.internals.ConsumerCoordinator  : [Consumer clientId=consumer-my-group-id-1, groupId=my-group-id] Successfully joined group with generation Generation{generationId=13, memberId='consumer-my-group-id-1-1f14bbd5-b46a-4d1a-90b1-b4f89fb47ae4', protocol='range'}
2025-05-23T22:39:43.988-03:00  INFO 233190 --- [ntainer#0-0-C-1] o.a.k.c.c.internals.ConsumerCoordinator  : [Consumer clientId=consumer-my-group-id-1, groupId=my-group-id] Finished assignment for group at generation 13: {consumer-my-group-id-1-1f14bbd5-b46a-4d1a-90b1-b4f89fb47ae4=Assignment(partitions=[meu-topico-0])}
2025-05-23T22:39:43.992-03:00  INFO 233190 --- [ntainer#0-0-C-1] o.a.k.c.c.internals.ConsumerCoordinator  : [Consumer clientId=consumer-my-group-id-1, groupId=my-group-id] Successfully synced group in generation Generation{generationId=13, memberId='consumer-my-group-id-1-1f14bbd5-b46a-4d1a-90b1-b4f89fb47ae4', protocol='range'}
2025-05-23T22:39:43.992-03:00  INFO 233190 --- [ntainer#0-0-C-1] o.a.k.c.c.internals.ConsumerCoordinator  : [Consumer clientId=consumer-my-group-id-1, groupId=my-group-id] Notifying assignor about the new Assignment(partitions=[meu-topico-0])
2025-05-23T22:39:43.994-03:00  INFO 233190 --- [ntainer#0-0-C-1] k.c.c.i.ConsumerRebalanceListenerInvoker : [Consumer clientId=consumer-my-group-id-1, groupId=my-group-id] Adding newly assigned partitions: meu-topico-0
2025-05-23T22:39:44.000-03:00  INFO 233190 --- [ntainer#0-0-C-1] o.a.k.c.c.internals.ConsumerUtils        : Setting offset for partition meu-topico-0 to the committed offset FetchPosition{offset=81, offsetEpoch=Optional.empty, currentLeader=LeaderAndEpoch{leader=Optional[pc:9092 (id: 0 rack: null)], epoch=0}}
2025-05-23T22:39:44.001-03:00  INFO 233190 --- [ntainer#0-0-C-1] o.s.k.l.KafkaMessageListenerContainer    : my-group-id: partitions assigned: [meu-topico-0]
]]></system-out>
  </testcase>
</testsuite>